TN:
SF:/media/data_main/Users/bigby/Documents/Projects/Dev/TypeScrip_lib/multi-encoder/src/multicode.ts
FN:11,(anonymous_0)
FN:42,(anonymous_1)
FN:71,(anonymous_2)
FN:82,(anonymous_3)
FN:92,(anonymous_4)
FN:110,(anonymous_5)
FN:112,(anonymous_6)
FN:118,(anonymous_7)
FN:124,(anonymous_8)
FN:130,(anonymous_9)
FN:136,(anonymous_10)
FN:142,(anonymous_11)
FN:155,(anonymous_12)
FN:157,(anonymous_13)
FN:163,(anonymous_14)
FN:169,(anonymous_15)
FN:175,(anonymous_16)
FN:181,(anonymous_17)
FN:187,(anonymous_18)
FN:206,(anonymous_19)
FN:210,(anonymous_20)
FN:214,(anonymous_21)
FN:218,(anonymous_22)
FN:246,(anonymous_23)
FNF:24
FNH:19
FNDA:1,(anonymous_0)
FNDA:1,(anonymous_1)
FNDA:14,(anonymous_2)
FNDA:1,(anonymous_3)
FNDA:1,(anonymous_4)
FNDA:1,(anonymous_5)
FNDA:0,(anonymous_6)
FNDA:82,(anonymous_7)
FNDA:6,(anonymous_8)
FNDA:16,(anonymous_9)
FNDA:0,(anonymous_10)
FNDA:0,(anonymous_11)
FNDA:1,(anonymous_12)
FNDA:0,(anonymous_13)
FNDA:7,(anonymous_14)
FNDA:0,(anonymous_15)
FNDA:2,(anonymous_16)
FNDA:6,(anonymous_17)
FNDA:2,(anonymous_18)
FNDA:2,(anonymous_19)
FNDA:1,(anonymous_20)
FNDA:3,(anonymous_21)
FNDA:7,(anonymous_22)
FNDA:7,(anonymous_23)
DA:1,1
DA:11,1
DA:15,1
DA:19,1
DA:23,1
DA:27,1
DA:31,1
DA:35,1
DA:42,1
DA:46,1
DA:50,1
DA:71,14
DA:73,7
DA:75,7
DA:82,1
DA:83,1
DA:90,1
DA:92,1
DA:93,1
DA:103,1
DA:110,1
DA:111,1
DA:114,0
DA:116,0
DA:120,82
DA:122,0
DA:126,6
DA:128,0
DA:132,16
DA:134,0
DA:138,0
DA:140,0
DA:144,0
DA:146,0
DA:148,1
DA:155,1
DA:156,1
DA:159,0
DA:161,0
DA:165,4
DA:167,3
DA:171,0
DA:173,0
DA:177,2
DA:179,0
DA:183,4
DA:185,2
DA:189,1
DA:191,1
DA:193,1
DA:206,1
DA:207,2
DA:208,2
DA:210,1
DA:211,1
DA:212,1
DA:214,1
DA:215,3
DA:216,3
DA:218,1
DA:220,0
DA:225,1
DA:226,1
DA:228,1
DA:229,1
DA:232,3
DA:233,3
DA:235,1
DA:236,1
DA:238,1
DA:239,1
DA:241,0
DA:242,0
DA:244,7
DA:246,1
DA:248,0
DA:255,1
DA:256,1
DA:259,1
DA:260,1
DA:262,2
DA:263,2
DA:265,1
DA:266,1
DA:268,1
DA:269,1
DA:271,1
DA:272,1
DA:274,0
DA:275,0
DA:277,7
LF:91
LH:71
BRDA:11,0,0,1
BRDA:11,0,1,1
BRDA:42,1,0,1
BRDA:42,1,1,1
BRDA:71,2,0,0
BRDA:71,2,1,14
BRDA:71,3,0,0
BRDA:71,3,1,14
BRDA:224,4,0,1
BRDA:224,4,1,1
BRDA:224,4,2,1
BRDA:224,4,3,3
BRDA:224,4,4,1
BRDA:224,4,5,1
BRDA:224,4,6,0
BRDA:252,5,0,1
BRDA:252,5,1,1
BRDA:252,5,2,2
BRDA:252,5,3,1
BRDA:252,5,4,1
BRDA:252,5,5,1
BRDA:252,5,6,0
BRF:22
BRH:18
end_of_record
TN:
SF:/media/data_main/Users/bigby/Documents/Projects/Dev/TypeScrip_lib/multi-encoder/tests/multicode.test.ts
FN:14,(anonymous_0)
FN:15,(anonymous_1)
FN:22,(anonymous_2)
FN:29,(anonymous_3)
FN:34,(anonymous_4)
FN:41,(anonymous_5)
FN:48,(anonymous_6)
FN:55,(anonymous_7)
FN:65,(anonymous_8)
FN:66,(anonymous_9)
FN:73,(anonymous_10)
FN:80,(anonymous_11)
FN:85,(anonymous_12)
FN:92,(anonymous_13)
FN:99,(anonymous_14)
FN:106,(anonymous_15)
FNF:16
FNH:16
FNDA:1,(anonymous_0)
FNDA:1,(anonymous_1)
FNDA:1,(anonymous_2)
FNDA:1,(anonymous_3)
FNDA:1,(anonymous_4)
FNDA:1,(anonymous_5)
FNDA:1,(anonymous_6)
FNDA:1,(anonymous_7)
FNDA:1,(anonymous_8)
FNDA:1,(anonymous_9)
FNDA:1,(anonymous_10)
FNDA:1,(anonymous_11)
FNDA:1,(anonymous_12)
FNDA:1,(anonymous_13)
FNDA:1,(anonymous_14)
FNDA:1,(anonymous_15)
DA:1,1
DA:2,1
DA:4,1
DA:5,1
DA:6,1
DA:7,1
DA:8,1
DA:9,1
DA:10,1
DA:11,1
DA:14,1
DA:15,1
DA:16,1
DA:17,1
DA:18,1
DA:19,1
DA:20,1
DA:22,1
DA:23,1
DA:24,1
DA:25,1
DA:26,1
DA:27,1
DA:29,1
DA:30,1
DA:31,1
DA:32,1
DA:34,1
DA:35,1
DA:36,1
DA:37,1
DA:38,1
DA:39,1
DA:41,1
DA:42,1
DA:43,1
DA:44,1
DA:45,1
DA:46,1
DA:48,1
DA:49,1
DA:50,1
DA:51,1
DA:52,1
DA:53,1
DA:55,1
DA:56,1
DA:57,1
DA:58,1
DA:59,1
DA:60,1
DA:65,1
DA:66,1
DA:67,1
DA:68,1
DA:69,1
DA:70,1
DA:71,1
DA:73,1
DA:74,1
DA:75,1
DA:76,1
DA:77,1
DA:78,1
DA:80,1
DA:81,1
DA:82,1
DA:83,1
DA:85,1
DA:86,1
DA:87,1
DA:88,1
DA:89,1
DA:90,1
DA:92,1
DA:93,1
DA:94,1
DA:95,1
DA:96,1
DA:97,1
DA:99,1
DA:100,1
DA:101,1
DA:102,1
DA:103,1
DA:104,1
DA:106,1
DA:107,1
DA:108,1
DA:109,1
DA:110,1
DA:111,1
LF:92
LH:92
BRF:0
BRH:0
end_of_record
